<?xml version="1.0" encoding="UTF-8"?>
<testsuite xmlns:xsi="http://www.w3.org/2001/XMLSchema-instance" xsi:noNamespaceSchemaLocation="https://maven.apache.org/surefire/maven-surefire-plugin/xsd/surefire-test-report-3.0.xsd" version="3.0" name="destiny.AppTest" time="6.637" tests="16" errors="0" skipped="0" failures="0">
  <properties>
[...]
</properties>
  <testcase name="testLineParserAll" classname="destiny.AppTest" time="0.013"/>
  <testcase name="testArmor" classname="destiny.AppTest" time="0.022"/>
  <testcase name="testInput" classname="destiny.AppTest" time="0.004"/>
  <testcase name="testMWPattern" classname="destiny.AppTest" time="0.002"/>
  <testcase name="testLineParserAllWithIgnore" classname="destiny.AppTest" time="0.001"/>
  <testcase name="writeHashMapToCsv" classname="destiny.AppTest" time="0.002"/>
  <testcase name="testGetName" classname="destiny.AppTest" time="1.007"/>
  <testcase name="testResponse" classname="destiny.AppTest" time="0.459"/>
  <testcase name="testWishlistUrl" classname="destiny.AppTest" time="0.996"/>
  <testcase name="testAdeptConversion" classname="destiny.AppTest" time="0"/>
  <testcase name="testLineParserItem" classname="destiny.AppTest" time="0.004"/>
  <testcase name="testLineParserItemPerksOnly" classname="destiny.AppTest" time="0.001"/>
  <testcase name="testNonAdeptConnection" classname="destiny.AppTest" time="0.281"/>
  <testcase name="testLineParserIgnoreItem" classname="destiny.AppTest" time="0.001"/>
  <testcase name="testLineParserItemWithIgnore" classname="destiny.AppTest" time="0.003"/>
  <testcase name="testAdeptConnection" classname="destiny.AppTest" time="3.768"/>
</testsuite>