<?xml version="1.0" encoding="UTF-8"?>
<testsuite xmlns:xsi="http://www.w3.org/2001/XMLSchema-instance" xsi:noNamespaceSchemaLocation="https://maven.apache.org/surefire/maven-surefire-plugin/xsd/surefire-test-report.xsd" name="destiny.AppTest" time="0.864" tests="2" errors="0" skipped="0" failures="0">
  <properties>
[...]
</properties>
  <testcase name="writeHashMapToCsv" classname="destiny.AppTest" time="0.003"/>
  <testcase name="testResponse" classname="destiny.AppTest" time="0.829"/>
</testsuite>